Temp/gradleOut/launcher/build/intermediates/manifest_merge_blame_file/release/manifest-merger-blame-release-report.txt
1<?xml version="1.0" encoding="utf-8"?>
2<!-- GENERATED BY UNITY. REMOVE THIS COMMENT TO PREVENT OVERWRITING WHEN EXPORTING AGAIN -->
3<manifest xmlns:android="http://schemas.android.com/apk/res/android"
4    package="com.DefaultCompany.RubberHand"
5    android:installLocation="auto"
6    android:versionCode="1"
7    android:versionName="0.1" >
8
9    <uses-sdk
10        android:minSdkVersion="23"
10-->src/main/AndroidManifest.xml
11        android:targetSdkVersion="30" />
11-->src/main/AndroidManifest.xml
12
13    <supports-screens
13-->src/main/AndroidManifest.xml:4:3-163
14        android:anyDensity="true"
14-->src/main/AndroidManifest.xml:4:135-160
15        android:largeScreens="true"
15-->src/main/AndroidManifest.xml:4:78-105
16        android:normalScreens="true"
16-->src/main/AndroidManifest.xml:4:49-77
17        android:smallScreens="true"
17-->src/main/AndroidManifest.xml:4:21-48
18        android:xlargeScreens="true" />
18-->src/main/AndroidManifest.xml:4:106-134
19
20    <uses-feature android:glEsVersion="0x00030000" />
20-->[:unityLibrary] AndroidManifest.xml:14:5-54
20-->[:unityLibrary] AndroidManifest.xml:14:19-51
21
22    <supports-gl-texture android:name="GL_KHR_texture_compression_astc_ldr" />
22-->[:unityLibrary] AndroidManifest.xml:16:5-79
22-->[:unityLibrary] AndroidManifest.xml:16:26-76
23
24    <uses-permission android:name="android.permission.INTERNET" />
24-->[:unityLibrary] AndroidManifest.xml:18:5-67
24-->[:unityLibrary] AndroidManifest.xml:18:22-64
25    <uses-permission android:name="android.permission.RECORD_AUDIO" />
25-->[:unityLibrary] AndroidManifest.xml:19:5-71
25-->[:unityLibrary] AndroidManifest.xml:19:22-68
26    <uses-permission android:name="android.permission.MODIFY_AUDIO_SETTINGS" />
26-->[:unityLibrary] AndroidManifest.xml:20:5-80
26-->[:unityLibrary] AndroidManifest.xml:20:22-77
27
28    <uses-feature
28-->[:unityLibrary] AndroidManifest.xml:22:5-24:36
29        android:name="android.hardware.microphone"
29-->[:unityLibrary] AndroidManifest.xml:23:9-51
30        android:required="false" />
30-->[:unityLibrary] AndroidManifest.xml:24:9-33
31    <uses-feature
31-->[:unityLibrary] AndroidManifest.xml:25:5-27:36
32        android:name="android.hardware.touchscreen"
32-->[:unityLibrary] AndroidManifest.xml:26:9-52
33        android:required="false" />
33-->[:unityLibrary] AndroidManifest.xml:27:9-33
34    <uses-feature
34-->[:unityLibrary] AndroidManifest.xml:28:5-30:36
35        android:name="android.hardware.touchscreen.multitouch"
35-->[:unityLibrary] AndroidManifest.xml:29:9-63
36        android:required="false" />
36-->[:unityLibrary] AndroidManifest.xml:30:9-33
37    <uses-feature
37-->[:unityLibrary] AndroidManifest.xml:31:5-33:36
38        android:name="android.hardware.touchscreen.multitouch.distinct"
38-->[:unityLibrary] AndroidManifest.xml:32:9-72
39        android:required="false" />
39-->[:unityLibrary] AndroidManifest.xml:33:9-33
40    <uses-feature
40-->[:unityLibrary] AndroidManifest.xml:34:5-37:31
41        android:name="android.hardware.vr.headtracking"
41-->[:unityLibrary] AndroidManifest.xml:35:9-56
42        android:required="true"
42-->[:unityLibrary] AndroidManifest.xml:36:9-32
43        android:version="1" />
43-->[:unityLibrary] AndroidManifest.xml:37:9-28
44    <uses-feature
44-->[:unityLibrary] AndroidManifest.xml:38:5-40:36
45        android:name="oculus.software.handtracking"
45-->[:unityLibrary] AndroidManifest.xml:39:9-52
46        android:required="false" />
46-->[:unityLibrary] AndroidManifest.xml:40:9-33
47
48    <uses-permission android:name="com.oculus.permission.HAND_TRACKING" />
48-->[:unityLibrary] AndroidManifest.xml:42:5-75
48-->[:unityLibrary] AndroidManifest.xml:42:22-72
49
50    <application
50-->src/main/AndroidManifest.xml:5:3-116
51        android:allowBackup="false"
51-->[:unityLibrary] AndroidManifest.xml:45:9-36
52        android:extractNativeLibs="true"
52-->src/main/AndroidManifest.xml:5:16-48
53        android:icon="@mipmap/app_icon"
53-->src/main/AndroidManifest.xml:5:82-113
54        android:label="@string/app_name"
54-->src/main/AndroidManifest.xml:5:49-81
55        android:networkSecurityConfig="@xml/network_sec_config" >
55-->[:unityLibrary] AndroidManifest.xml:48:9-64
56        <activity
56-->[:unityLibrary] AndroidManifest.xml:49:9-73:20
57            android:name="com.unity3d.player.UnityPlayerActivity"
57-->[:unityLibrary] AndroidManifest.xml:50:13-66
58            android:configChanges="keyboard|keyboardHidden|navigation|orientation|screenLayout|screenSize|uiMode"
58-->[:unityLibrary] AndroidManifest.xml:51:13-114
59            android:hardwareAccelerated="false"
59-->[:unityLibrary] AndroidManifest.xml:52:13-48
60            android:launchMode="singleTask"
60-->[:unityLibrary] AndroidManifest.xml:53:13-44
61            android:resizeableActivity="false"
61-->[:unityLibrary] AndroidManifest.xml:54:13-47
62            android:screenOrientation="landscape"
62-->[:unityLibrary] AndroidManifest.xml:55:13-50
63            android:theme="@android:style/Theme.Black.NoTitleBar.Fullscreen" >
63-->[:unityLibrary] AndroidManifest.xml:56:13-77
64            <intent-filter>
64-->[:unityLibrary] AndroidManifest.xml:57:13-62:29
65                <action android:name="android.intent.action.MAIN" />
65-->[:unityLibrary] AndroidManifest.xml:58:17-69
65-->[:unityLibrary] AndroidManifest.xml:58:25-66
66
67                <category android:name="android.intent.category.LAUNCHER" />
67-->[:unityLibrary] AndroidManifest.xml:60:17-77
67-->[:unityLibrary] AndroidManifest.xml:60:27-74
68                <category android:name="com.oculus.intent.category.VR" />
68-->[:unityLibrary] AndroidManifest.xml:61:17-74
68-->[:unityLibrary] AndroidManifest.xml:61:27-71
69            </intent-filter>
70
71            <meta-data
71-->[:unityLibrary] AndroidManifest.xml:64:13-66:40
72                android:name="unityplayer.UnityActivity"
72-->[:unityLibrary] AndroidManifest.xml:65:17-57
73                android:value="true" />
73-->[:unityLibrary] AndroidManifest.xml:66:17-37
74            <meta-data
74-->[:unityLibrary] AndroidManifest.xml:67:13-69:40
75                android:name="android.notch_support"
75-->[:unityLibrary] AndroidManifest.xml:68:17-53
76                android:value="true" />
76-->[:unityLibrary] AndroidManifest.xml:69:17-37
77            <meta-data
77-->[:unityLibrary] AndroidManifest.xml:70:13-72:40
78                android:name="com.oculus.vr.focusaware"
78-->[:unityLibrary] AndroidManifest.xml:71:17-56
79                android:value="true" />
79-->[:unityLibrary] AndroidManifest.xml:72:17-37
80        </activity>
81
82        <meta-data
82-->[:unityLibrary] AndroidManifest.xml:75:9-77:33
83            android:name="unity.splash-mode"
83-->[:unityLibrary] AndroidManifest.xml:76:13-45
84            android:value="0" />
84-->[:unityLibrary] AndroidManifest.xml:77:13-30
85        <meta-data
85-->[:unityLibrary] AndroidManifest.xml:78:9-80:36
86            android:name="unity.splash-enable"
86-->[:unityLibrary] AndroidManifest.xml:79:13-47
87            android:value="True" />
87-->[:unityLibrary] AndroidManifest.xml:80:13-33
88        <meta-data
88-->[:unityLibrary] AndroidManifest.xml:81:9-83:37
89            android:name="unity.allow-resizable-window"
89-->[:unityLibrary] AndroidManifest.xml:82:13-56
90            android:value="False" />
90-->[:unityLibrary] AndroidManifest.xml:83:13-34
91        <meta-data
91-->[:unityLibrary] AndroidManifest.xml:84:9-86:50
92            android:name="notch.config"
92-->[:unityLibrary] AndroidManifest.xml:85:13-40
93            android:value="portrait|landscape" />
93-->[:unityLibrary] AndroidManifest.xml:86:13-47
94        <meta-data
94-->[:unityLibrary] AndroidManifest.xml:87:9-89:68
95            android:name="unity.build-id"
95-->[:unityLibrary] AndroidManifest.xml:88:13-42
96            android:value="94c6247a-90d6-4bbe-ab2c-075f2388f69b" />
96-->[:unityLibrary] AndroidManifest.xml:89:13-65
97        <meta-data
97-->[:unityLibrary] AndroidManifest.xml:90:9-92:36
98            android:name="com.oculus.handtracking.frequency"
98-->[:unityLibrary] AndroidManifest.xml:91:13-61
99            android:value="HIGH" />
99-->[:unityLibrary] AndroidManifest.xml:92:13-33
100        <meta-data
100-->[:unityLibrary] AndroidManifest.xml:93:9-95:36
101            android:name="com.oculus.handtracking.version"
101-->[:unityLibrary] AndroidManifest.xml:94:13-59
102            android:value="V2.0" />
102-->[:unityLibrary] AndroidManifest.xml:95:13-33
103        <meta-data
103-->[:unityLibrary] AndroidManifest.xml:96:9-98:39
104            android:name="com.samsung.android.vr.application.mode"
104-->[:unityLibrary] AndroidManifest.xml:97:13-67
105            android:value="vr_only" />
105-->[:unityLibrary] AndroidManifest.xml:98:13-36
106        <meta-data
106-->[:unityLibrary] AndroidManifest.xml:99:9-101:37
107            android:name="com.unity.xr.oculus.LowOverheadMode"
107-->[:unityLibrary] AndroidManifest.xml:100:13-63
108            android:value="false" />
108-->[:unityLibrary] AndroidManifest.xml:101:13-34
109        <meta-data
109-->[:unityLibrary] AndroidManifest.xml:102:9-104:44
110            android:name="com.oculus.supportedDevices"
110-->[:unityLibrary] AndroidManifest.xml:103:13-55
111            android:value="quest|quest2" />
111-->[:unityLibrary] AndroidManifest.xml:104:13-41
112    </application>
113
114</manifest>